=== GhostTrack-v2 · SANITIZE ENHANCED ===
[1] git status (short)
## main...origin/main
A  MANUALE_ZDOS13.md
A  README_TECH.md
A  build/zdos13_modules.txt
 M build_hyperos.sh
A  cli/gt_zdos13.py
A  logs/build_hyperos_20260121_160303.log
A  logs/build_hyperos_20260121_160746.log
M  registry_zdos13.json
A  webapp/static/panels/zdos13/autonomous_logic_weaver.html
A  webapp/static/panels/zdos13/cognitiveentropy_regulator.html
A  webapp/static/panels/zdos13/energeticcognitive_bridge.html
A  webapp/static/panels/zdos13/hyperos_selfmutation_kernel.html
A  webapp/static/panels/zdos13/infiniteloop_stabilizer.html
A  webapp/static/panels/zdos13/multidomain_reality_mapper.html
A  webapp/static/panels/zdos13/multireality_sync_engine.html
A  webapp/static/panels/zdos13/quantumresonance_amplifier.html
A  webapp/static/panels/zdos13/subquantum_identity_anchor.html
A  webapp/static/panels/zdos13/synthetic_memory_bloom.html
A  webapp/static/panels/zdos13/synthetic_pattern_generator.html
A  webapp/static/panels/zdos13/zerolatency_thought_relay.html
A  wiki/Architettura-HyperOS.md
A  wiki/CLI-Interna.md
A  wiki/Configurazioni.md
A  wiki/Glossario.md
A  wiki/Governance-Cognitiva.md
A  wiki/Home.md
A  wiki/Moduli-e-Layer.md
A  wiki/Pannelli-UI.md
A  wiki/Pipeline-di-Build.md
A  wiki/Registry.md
A  wiki/Roadmap.md
A  wiki/ZDOS13-Tech-Stack.md
M  zdos13.conf
M  zdos13_tech.py
?? generate_all_docs.sh
?? ghosttrack_sanitize.sh
?? ghosttrack_sanitize_enhanced.sh
?? setup_docs_zdos13.sh
?? setup_zdos13.sh

[2] git integrity check (git fsck)
dangling blob 5ba3614e57afd921af87c04cf3c842565ffe35e8
dangling blob bde56a4cb4dc61b4e3852524058dffbd8cc57b4c

[3] Duplicati per hash (elenco)
Trovati hash duplicati:
Hash: 00248643284e5402c32a44faf74f9210be4acafb
  00248643284e5402c32a44faf74f9210be4acafb  ./docs/panels/cyberdefense/intrusionsentinel.html
  00248643284e5402c32a44faf74f9210be4acafb  ./webapp/static/panels/cyberdefense/intrusionsentinel.html
Hash: 00962328a654b084f133c147390126ac3cc77242
  00962328a654b084f133c147390126ac3cc77242  ./docs/panels/agro/windwatch.html
  00962328a654b084f133c147390126ac3cc77242  ./webapp/static/panels/agro/windwatch.html
Hash: 09a6a59523503eabf2ad438f5a415abb03f6ff7b
  09a6a59523503eabf2ad438f5a415abb03f6ff7b  ./docs/panels/anonimato/stealthroute.html
  09a6a59523503eabf2ad438f5a415abb03f6ff7b  ./webapp/static/panels/anonimato/stealthroute.html
Hash: 0a8ed6d15b659a4ed51aa54f2fcf4e031b2925ff
  0a8ed6d15b659a4ed51aa54f2fcf4e031b2925ff  ./docs/panels/osservazione/motionsense.html
  0a8ed6d15b659a4ed51aa54f2fcf4e031b2925ff  ./webapp/static/panels/osservazione/motionsense.html
Hash: 0bfb81b7d68625d704dc29c22be748ca92b9ca95
  0bfb81b7d68625d704dc29c22be748ca92b9ca95  ./docs/panels/moduli/sportextreme.html
  0bfb81b7d68625d704dc29c22be748ca92b9ca95  ./webapp/static/panels/moduli/sportextreme.html
Hash: 0c494aa513aa141a4b64d4fcd15ebc03f3fb7416
  0c494aa513aa141a4b64d4fcd15ebc03f3fb7416  ./docs/panels/resilienza.html
  0c494aa513aa141a4b64d4fcd15ebc03f3fb7416  ./webapp/static/panels/resilienza.html
Hash: 0d2795654366bce87eb3d8cdbf7e01fe24be2bf0
  0d2795654366bce87eb3d8cdbf7e01fe24be2bf0  ./docs/economist.html
  0d2795654366bce87eb3d8cdbf7e01fe24be2bf0  ./docs/panels/economist.html
  0d2795654366bce87eb3d8cdbf7e01fe24be2bf0  ./webapp/static/panels/economist.html
Hash: 0e23f25429d1e45fa80cbe615d25c32b529fadde
  0e23f25429d1e45fa80cbe615d25c32b529fadde  ./docs/cyberdefense.html
  0e23f25429d1e45fa80cbe615d25c32b529fadde  ./docs/panels/cyberdefense.html
  0e23f25429d1e45fa80cbe615d25c32b529fadde  ./webapp/static/panels/cyberdefense.html
Hash: 103dec43a32bbfbaba380d71710f1b69477ea886
  103dec43a32bbfbaba380d71710f1b69477ea886  ./docs/panels/cyberdefense/securemesh.html
  103dec43a32bbfbaba380d71710f1b69477ea886  ./webapp/static/panels/cyberdefense/securemesh.html
Hash: 116eb31228d28c8a1367b2538b092e39571ad640
  116eb31228d28c8a1367b2538b092e39571ad640  ./docs/panels/moduli/timesync.html
  116eb31228d28c8a1367b2538b092e39571ad640  ./webapp/static/panels/moduli/timesync.html
Hash: 16440bc3534d126b8462bce50947cc63daeac946
  16440bc3534d126b8462bce50947cc63daeac946  ./docs/panels/reti_mesh.html
  16440bc3534d126b8462bce50947cc63daeac946  ./docs/reti_mesh.html
  16440bc3534d126b8462bce50947cc63daeac946  ./webapp/static/panels/reti_mesh.html
Hash: 1b8e4de9745f53cde495a4267b281ceda75fe0c5
  1b8e4de9745f53cde495a4267b281ceda75fe0c5  ./docs/panels/cyberdefense/zerotrust.html
  1b8e4de9745f53cde495a4267b281ceda75fe0c5  ./webapp/static/panels/cyberdefense/zerotrust.html
Hash: 1cf4fad756b52847026eba3ee2834988a0c530df
  1cf4fad756b52847026eba3ee2834988a0c530df  ./docs/panels/wallet.html
  1cf4fad756b52847026eba3ee2834988a0c530df  ./docs/wallet.html
  1cf4fad756b52847026eba3ee2834988a0c530df  ./webapp/static/panels/wallet.html
Hash: 24368be7e570ea5a134225716f30bfcb4594ef9a
  24368be7e570ea5a134225716f30bfcb4594ef9a  ./docs/panels/orbital/spaceweather.html
  24368be7e570ea5a134225716f30bfcb4594ef9a  ./webapp/static/panels/orbital/spaceweather.html
Hash: 25eb83a63c04707e8e744f735ad9dae093cf5e54
  25eb83a63c04707e8e744f735ad9dae093cf5e54  ./docs/about.html
  25eb83a63c04707e8e744f735ad9dae093cf5e54  ./docs/panels/about.html
  25eb83a63c04707e8e744f735ad9dae093cf5e54  ./webapp/static/panels/about.html
Hash: 25f663d9a722a2efafae0b823de954ed29820ea8
  25f663d9a722a2efafae0b823de954ed29820ea8  ./docs/app.js
  25f663d9a722a2efafae0b823de954ed29820ea8  ./webapp/static/app.js
Hash: 28f0f7b210a0184a1ca569da74c540f4ed7b6f53
  28f0f7b210a0184a1ca569da74c540f4ed7b6f53  ./docs/panels/performance/redbull_mode.html
  28f0f7b210a0184a1ca569da74c540f4ed7b6f53  ./webapp/static/panels/performance/redbull_mode.html
Hash: 302b997159c97dabf1c793caedf9269b7b50049a
  302b997159c97dabf1c793caedf9269b7b50049a  ./docs/dr_highkali.html
  302b997159c97dabf1c793caedf9269b7b50049a  ./webapp/static/panels/dr_highkali.html
Hash: 30446626d3a4b4776e8bbea4a499969316c1f594
  30446626d3a4b4776e8bbea4a499969316c1f594  ./docs/panels/agro/rainpulse.html
  30446626d3a4b4776e8bbea4a499969316c1f594  ./webapp/static/panels/agro/rainpulse.html
Hash: 31d645c50a8d3c3e5bd732ad7f6b11c69a397c30
  31d645c50a8d3c3e5bd732ad7f6b11c69a397c30  ./docs/panels/core/syncengine.html
  31d645c50a8d3c3e5bd732ad7f6b11c69a397c30  ./webapp/static/panels/core/syncengine.html
Hash: 335e4c2a78d82b6493215baf56e730809521cf5e
  335e4c2a78d82b6493215baf56e730809521cf5e  ./docs/panels/core/repairengine.html
  335e4c2a78d82b6493215baf56e730809521cf5e  ./webapp/static/panels/core/repairengine.html
Hash: 35f2635a3aa7038926c266efcc76f84d3413b44d
  35f2635a3aa7038926c266efcc76f84d3413b44d  ./docs/panels/agro/microclima_node.html
  35f2635a3aa7038926c266efcc76f84d3413b44d  ./webapp/static/panels/agro/microclima_node.html
Hash: 3d941e8c3bc79cef16fd5ee5056131f48b125021
  3d941e8c3bc79cef16fd5ee5056131f48b125021  ./docs/panels/media/camnode.html
  3d941e8c3bc79cef16fd5ee5056131f48b125021  ./webapp/static/panels/media/camnode.html
Hash: 3e46fea72694b31696537bb363b7be100b72020d
  3e46fea72694b31696537bb363b7be100b72020d  ./docs/panels/agro/agrowatch.html
  3e46fea72694b31696537bb363b7be100b72020d  ./webapp/static/panels/agro/agrowatch.html
Hash: 3eb62d689c9960e5840593de3a6e01cd5c093b14
  3eb62d689c9960e5840593de3a6e01cd5c093b14  ./docs/style.css
  3eb62d689c9960e5840593de3a6e01cd5c093b14  ./webapp/static/style.css
Hash: 45ffea5c0c85c5a49d4df6bdc97c0cb78b43fd65
  45ffea5c0c85c5a49d4df6bdc97c0cb78b43fd65  ./docs/panels/moduli/sos_button.html
  45ffea5c0c85c5a49d4df6bdc97c0cb78b43fd65  ./webapp/static/panels/moduli/sos_button.html
Hash: 499f42f85764619ab42bf4c852d89e429898f68c
  499f42f85764619ab42bf4c852d89e429898f68c  ./docs/panels/anonimato/i2pnode.html
  499f42f85764619ab42bf4c852d89e429898f68c  ./webapp/static/panels/anonimato/i2pnode.html
Hash: 4d12e4d2edf451d6184b86f5675ef6185598ed00
  4d12e4d2edf451d6184b86f5675ef6185598ed00  ./docs/panels/reti/meshnode.html
  4d12e4d2edf451d6184b86f5675ef6185598ed00  ./webapp/static/panels/reti/meshnode.html
Hash: 4d64bed339239a6bf0e0dfa2f25c47cffff6f172
  4d64bed339239a6bf0e0dfa2f25c47cffff6f172  ./docs/panels/reti/linkwatch.html
  4d64bed339239a6bf0e0dfa2f25c47cffff6f172  ./webapp/static/panels/reti/linkwatch.html
Hash: 4db948c96661c7d4041df3ddb7013f0a55e8b072
  4db948c96661c7d4041df3ddb7013f0a55e8b072  ./docs/panels/reti/netpulse.html
  4db948c96661c7d4041df3ddb7013f0a55e8b072  ./webapp/static/panels/reti/netpulse.html
Hash: 4f1886b1a1b923eefaf4813d7a506357f77c2612
  4f1886b1a1b923eefaf4813d7a506357f77c2612  ./docs/panels/chat/mqttnode.html
  4f1886b1a1b923eefaf4813d7a506357f77c2612  ./webapp/static/panels/chat/mqttnode.html
Hash: 4fe6ccf35d72705e7598e163882f384ee0fe496e
  4fe6ccf35d72705e7598e163882f384ee0fe496e  ./docs/panels/agro/geosentinel.html
  4fe6ccf35d72705e7598e163882f384ee0fe496e  ./webapp/static/panels/agro/geosentinel.html
Hash: 5062dfa4b35d4afd024639e1f6df2f50db0c654c
  5062dfa4b35d4afd024639e1f6df2f50db0c654c  ./docs/panels/core/nodecore.html
  5062dfa4b35d4afd024639e1f6df2f50db0c654c  ./webapp/static/panels/core/nodecore.html
Hash: 50a6e796597aea8f976ef3fb84c493c5a3357c5c
  50a6e796597aea8f976ef3fb84c493c5a3357c5c  ./docs/panels/osservazione/earthwatch.html
  50a6e796597aea8f976ef3fb84c493c5a3357c5c  ./webapp/static/panels/osservazione/earthwatch.html
Hash: 51ee5292dd5ea40548ed7fc2bb0e11c0c4b6c7d5
  51ee5292dd5ea40548ed7fc2bb0e11c0c4b6c7d5  ./docs/panels/podcast_liberi.html
  51ee5292dd5ea40548ed7fc2bb0e11c0c4b6c7d5  ./docs/podcast_liberi.html
  51ee5292dd5ea40548ed7fc2bb0e11c0c4b6c7d5  ./webapp/static/panels/podcast_liberi.html
Hash: 52d9197df6598368d1e7ef51f89a665a418a0783
  52d9197df6598368d1e7ef51f89a665a418a0783  ./docs/panels/radio/spectrum_analyzer.html
  52d9197df6598368d1e7ef51f89a665a418a0783  ./webapp/static/panels/radio/spectrum_analyzer.html
Hash: 54d29795df46682653d32cc5c9b67c766d6f8a71
  54d29795df46682653d32cc5c9b67c766d6f8a71  ./docs/panels/cyberdefense/integrityguardian.html
  54d29795df46682653d32cc5c9b67c766d6f8a71  ./webapp/static/panels/cyberdefense/integrityguardian.html
Hash: 58eeada91b4b1ba0ae498ea3a43229efd57a1b43
  58eeada91b4b1ba0ae498ea3a43229efd57a1b43  ./docs/panels/storage/datavault.html
  58eeada91b4b1ba0ae498ea3a43229efd57a1b43  ./webapp/static/panels/storage/datavault.html
Hash: 5eaf6cb07692a05daab71cacdb91c8ddecf77665
  5eaf6cb07692a05daab71cacdb91c8ddecf77665  ./docs/panels/moduli/eventwatch.html
  5eaf6cb07692a05daab71cacdb91c8ddecf77665  ./webapp/static/panels/moduli/eventwatch.html
Hash: 65373203a4532dc60a39dca4aceb91b21611e3b4
  65373203a4532dc60a39dca4aceb91b21611e3b4  ./docs/panels/media/livestream.html
  65373203a4532dc60a39dca4aceb91b21611e3b4  ./webapp/static/panels/media/livestream.html
Hash: 660120473591aeb9a113a5c9143cc5b4a4e342da
  660120473591aeb9a113a5c9143cc5b4a4e342da  ./docs/panels/core/telemetrycore.html
  660120473591aeb9a113a5c9143cc5b4a4e342da  ./webapp/static/panels/core/telemetrycore.html
Hash: 6a84056de6ff9efaed7d03b30515e667ba0cfb5c
  6a84056de6ff9efaed7d03b30515e667ba0cfb5c  ./docs/panels/moduli/weathernode.html
  6a84056de6ff9efaed7d03b30515e667ba0cfb5c  ./webapp/static/panels/moduli/weathernode.html
Hash: 6b4f488c859923db35f81ee191339e3de8411c86
  6b4f488c859923db35f81ee191339e3de8411c86  ./docs/panels/resilienza/failsafe.html
  6b4f488c859923db35f81ee191339e3de8411c86  ./webapp/static/panels/resilienza/failsafe.html
Hash: 6b7633a5e47f437fab309df406243cf0be15bf56
  6b7633a5e47f437fab309df406243cf0be15bf56  ./docs/panels/mappe/heatmap_layer.html
  6b7633a5e47f437fab309df406243cf0be15bf56  ./webapp/static/panels/mappe/heatmap_layer.html
Hash: 6bdfb8b5d9f9e0f930609dce690f0bee5a938547
  6bdfb8b5d9f9e0f930609dce690f0bee5a938547  ./docs/panels/chat/eventfeed.html
  6bdfb8b5d9f9e0f930609dce690f0bee5a938547  ./webapp/static/panels/chat/eventfeed.html
Hash: 7304e54eb2471494ca8873f50c6dd8f7417653fc
  7304e54eb2471494ca8873f50c6dd8f7417653fc  ./docs/panels/lab/protonode.html
  7304e54eb2471494ca8873f50c6dd8f7417653fc  ./webapp/static/panels/lab/protonode.html
Hash: 735d688976b3f285ad574fe491bee638ba517608
  735d688976b3f285ad574fe491bee638ba517608  ./docs/panels/radio/sdrwatch.html
  735d688976b3f285ad574fe491bee638ba517608  ./webapp/static/panels/radio/sdrwatch.html
Hash: 73fea3d14babbe5714de186221b22cb12d53f5a6
  73fea3d14babbe5714de186221b22cb12d53f5a6  ./docs/panels/orbital/deepspace_monitor.html
  73fea3d14babbe5714de186221b22cb12d53f5a6  ./webapp/static/panels/orbital/deepspace_monitor.html
Hash: 764665707aa4a47298a762e86502d98e6be4e224
  764665707aa4a47298a762e86502d98e6be4e224  ./docs/panels/mappe/liveatlas.html
  764665707aa4a47298a762e86502d98e6be4e224  ./webapp/static/panels/mappe/liveatlas.html
Hash: 7646f2c56328594f79fec5b746150a9d02731a50
  7646f2c56328594f79fec5b746150a9d02731a50  ./docs/panels/storage/snapshotfs.html
  7646f2c56328594f79fec5b746150a9d02731a50  ./webapp/static/panels/storage/snapshotfs.html
Hash: 77e2f44ecf4e9eaf8bbf88ffdb378b869c72e166
  77e2f44ecf4e9eaf8bbf88ffdb378b869c72e166  ./docs/panels/settings.html
  77e2f44ecf4e9eaf8bbf88ffdb378b869c72e166  ./webapp/static/panels/settings.html
Hash: 798b17d5fe92c6573fb56ff5dfd3a4f6bb64666e
  798b17d5fe92c6573fb56ff5dfd3a4f6bb64666e  ./docs/panels/resilienza/sosbeacon_rescue.html
  798b17d5fe92c6573fb56ff5dfd3a4f6bb64666e  ./webapp/static/panels/resilienza/sosbeacon_rescue.html
Hash: 7a1a20e90c4dd6528308d7bf38004d7541a007a3
  7a1a20e90c4dd6528308d7bf38004d7541a007a3  ./docs/panels/lab/ghosttrack_lab.html
  7a1a20e90c4dd6528308d7bf38004d7541a007a3  ./webapp/static/panels/lab/ghosttrack_lab.html
Hash: 7d10361eb869c0b104c77d15b065cddc228af034
  7d10361eb869c0b104c77d15b065cddc228af034  ./docs/panels/core/logengine.html
  7d10361eb869c0b104c77d15b065cddc228af034  ./webapp/static/panels/core/logengine.html
Hash: 827330242256f9e195e4e4b4af1dea93fa327e38
  827330242256f9e195e4e4b4af1dea93fa327e38  ./docs/panels/resilienza/backupritual.html
  827330242256f9e195e4e4b4af1dea93fa327e38  ./webapp/static/panels/resilienza/backupritual.html
Hash: 84902c6278ef5a4eeb29555bf646a427c579ab71
  84902c6278ef5a4eeb29555bf646a427c579ab71  ./docs/panels/performance/fastcache.html
  84902c6278ef5a4eeb29555bf646a427c579ab71  ./webapp/static/panels/performance/fastcache.html
Hash: 852ee76170877b17b052a1a1a0d4dbfe537810e4
  852ee76170877b17b052a1a1a0d4dbfe537810e4  ./docs/panels/starlink_control.html
  852ee76170877b17b052a1a1a0d4dbfe537810e4  ./docs/starlink_control.html
  852ee76170877b17b052a1a1a0d4dbfe537810e4  ./webapp/static/panels/starlink_control.html
Hash: 85f8a76a9825e1de18619f97ee64b83630a2aacd
  85f8a76a9825e1de18619f97ee64b83630a2aacd  ./docs/panels/resilienza/autorepair.html
  85f8a76a9825e1de18619f97ee64b83630a2aacd  ./webapp/static/panels/resilienza/autorepair.html
Hash: 8b9dca9642adb1ebe07f3e4db3fbb7692ed1fc5e
  8b9dca9642adb1ebe07f3e4db3fbb7692ed1fc5e  ./docs/panels/resilienza/recoverynode.html
  8b9dca9642adb1ebe07f3e4db3fbb7692ed1fc5e  ./webapp/static/panels/resilienza/recoverynode.html
Hash: 8d773bb4527eecaf3c74a8233e306acab4bf3f59
  8d773bb4527eecaf3c74a8233e306acab4bf3f59  ./docs/config.js
  8d773bb4527eecaf3c74a8233e306acab4bf3f59  ./webapp/static/config.js
Hash: 8e069793c2b6da435496eaf8d35dd511af9ba426
  8e069793c2b6da435496eaf8d35dd511af9ba426  ./docs/panels/resilienza/sos_button_rescue.html
  8e069793c2b6da435496eaf8d35dd511af9ba426  ./webapp/static/panels/resilienza/sos_button_rescue.html
Hash: 9637ccfcd21b94e5c3c9bed4f8835fdbf73f6428
  9637ccfcd21b94e5c3c9bed4f8835fdbf73f6428  ./docs/panels/calcolo/distributed_compute_engine.html
  9637ccfcd21b94e5c3c9bed4f8835fdbf73f6428  ./webapp/static/panels/calcolo/distributed_compute_engine.html
Hash: 9b3ce2f95a1e48b0ff5dce0fe4238e61002689ab
  9b3ce2f95a1e48b0ff5dce0fe4238e61002689ab  ./docs/panels/radio/beacon_listener.html
  9b3ce2f95a1e48b0ff5dce0fe4238e61002689ab  ./webapp/static/panels/radio/beacon_listener.html
Hash: a05414564a2fa0afb71ff4a17059742f3caf27e3
  a05414564a2fa0afb71ff4a17059742f3caf27e3  ./docs/panels/media/snapshot_engine.html
  a05414564a2fa0afb71ff4a17059742f3caf27e3  ./webapp/static/panels/media/snapshot_engine.html
Hash: a141db6134c77130f469dd6f9969845d2ea60bcb
  a141db6134c77130f469dd6f9969845d2ea60bcb  ./docs/panels/anonimato/tornode.html
  a141db6134c77130f469dd6f9969845d2ea60bcb  ./webapp/static/panels/anonimato/tornode.html
Hash: a4b17caeeefa92e40b8ccbf1bf61a8cf1b3e2e42
  a4b17caeeefa92e40b8ccbf1bf61a8cf1b3e2e42  ./docs/panels/reti/multiwan_engine.html
  a4b17caeeefa92e40b8ccbf1bf61a8cf1b3e2e42  ./webapp/static/panels/reti/multiwan_engine.html
Hash: a4b6b0dba2d5d375531ddca1c3d4488809159d3b
  a4b6b0dba2d5d375531ddca1c3d4488809159d3b  ./docs/panels/moduli/sosbeacon.html
  a4b6b0dba2d5d375531ddca1c3d4488809159d3b  ./webapp/static/panels/moduli/sosbeacon.html
Hash: a56508e54cc63c7b92ecf153f3e6253e2ee93234
  a56508e54cc63c7b92ecf153f3e6253e2ee93234  ./docs/panels/anonimato/privacymesh.html
  a56508e54cc63c7b92ecf153f3e6253e2ee93234  ./webapp/static/panels/anonimato/privacymesh.html
Hash: a61d66ee82001885f7155f00d3c0c85f18eb0028
  a61d66ee82001885f7155f00d3c0c85f18eb0028  ./docs/panels/radio/radioscan.html
  a61d66ee82001885f7155f00d3c0c85f18eb0028  ./webapp/static/panels/radio/radioscan.html
Hash: a7c2f055fe56f5fbc5f5295f2fba93764151fa07
  a7c2f055fe56f5fbc5f5295f2fba93764151fa07  ./dashboard.html
  a7c2f055fe56f5fbc5f5295f2fba93764151fa07  ./docs/404.html
  a7c2f055fe56f5fbc5f5295f2fba93764151fa07  ./docs/index.html
Hash: a813a10f5533b5565a808e3d27e15157692d15c3
  a813a10f5533b5565a808e3d27e15157692d15c3  ./docs/panels/lab/sensorforge.html
  a813a10f5533b5565a808e3d27e15157692d15c3  ./webapp/static/panels/lab/sensorforge.html
Hash: b74a0e14da6e23349aacaa25f1b72768f0303a46
  b74a0e14da6e23349aacaa25f1b72768f0303a46  ./docs/panels/calcolo/ai_local_engine.html
  b74a0e14da6e23349aacaa25f1b72768f0303a46  ./webapp/static/panels/calcolo/ai_local_engine.html
Hash: b845f5df487fbe00dd18cd41de296f56a9ad16e4
  b845f5df487fbe00dd18cd41de296f56a9ad16e4  ./docs/panels/dashboard.html
  b845f5df487fbe00dd18cd41de296f56a9ad16e4  ./webapp/static/panels/dashboard.html
Hash: b8f5e7d7cbb4da2f358cf1165b15fb0a306705ef
  b8f5e7d7cbb4da2f358cf1165b15fb0a306705ef  ./docs/panels/ai/anomalyai.html
  b8f5e7d7cbb4da2f358cf1165b15fb0a306705ef  ./webapp/static/panels/ai/anomalyai.html
Hash: bc480b15cbc5a213db6957c59ede503d936055ac
  bc480b15cbc5a213db6957c59ede503d936055ac  ./docs/panels/cyberdefense/threatwatch.html
  bc480b15cbc5a213db6957c59ede503d936055ac  ./webapp/static/panels/cyberdefense/threatwatch.html
Hash: bc824d3570de2ddb8dd8567e7bbe1b04639d09ab
  bc824d3570de2ddb8dd8567e7bbe1b04639d09ab  ./docs/panels/mappe/terrainwatch.html
  bc824d3570de2ddb8dd8567e7bbe1b04639d09ab  ./webapp/static/panels/mappe/terrainwatch.html
Hash: bca45ae285a6f078ada0a812ac22f948308517a7
  bca45ae285a6f078ada0a812ac22f948308517a7  ./docs/panels/mappe/geomap_engine.html
  bca45ae285a6f078ada0a812ac22f948308517a7  ./webapp/static/panels/mappe/geomap_engine.html
Hash: beff1dd3daf4790d1e5ad4105fa4f3d9b57f59b3
  beff1dd3daf4790d1e5ad4105fa4f3d9b57f59b3  ./docs/panels/core/ritualengine.html
  beff1dd3daf4790d1e5ad4105fa4f3d9b57f59b3  ./webapp/static/panels/core/ritualengine.html
Hash: bfcfa074a442c876cb1e083b26295b1139edf88e
  bfcfa074a442c876cb1e083b26295b1139edf88e  ./docs/panels/agro/soilsense.html
  bfcfa074a442c876cb1e083b26295b1139edf88e  ./webapp/static/panels/agro/soilsense.html
Hash: c094a52f5f26327f59294b823f3c100b3c1efd2e
  c094a52f5f26327f59294b823f3c100b3c1efd2e  ./docs/panels/ai/localai.html
  c094a52f5f26327f59294b823f3c100b3c1efd2e  ./webapp/static/panels/ai/localai.html
Hash: c16136e1746607da00958f963da00f5719ba25af
  c16136e1746607da00958f963da00f5719ba25af  ./docs/panels/orbital/tle_engine.html
  c16136e1746607da00958f963da00f5719ba25af  ./webapp/static/panels/orbital/tle_engine.html
Hash: c1df64e7e3b4af5efd163e814742ed461b7719a3
  c1df64e7e3b4af5efd163e814742ed461b7719a3  ./docs/panels/calcolo/gpu_compute_layer.html
  c1df64e7e3b4af5efd163e814742ed461b7719a3  ./webapp/static/panels/calcolo/gpu_compute_layer.html
Hash: c6b4ec8062b55abd070d1f5d3cf3b26990c62475
  c6b4ec8062b55abd070d1f5d3cf3b26990c62475  ./docs/panels/resilienza/emergency_pulse_rescue.html
  c6b4ec8062b55abd070d1f5d3cf3b26990c62475  ./webapp/static/panels/resilienza/emergency_pulse_rescue.html
Hash: ca26df7d0402ccd33e46f871b6310a9ebd6ed623
  ca26df7d0402ccd33e46f871b6310a9ebd6ed623  ./docs/agro_ambiente.html
  ca26df7d0402ccd33e46f871b6310a9ebd6ed623  ./docs/panels/agro_ambiente.html
  ca26df7d0402ccd33e46f871b6310a9ebd6ed623  ./webapp/static/panels/agro_ambiente.html
Hash: cb2b05697a2677cd1e4b68962f140eda0b50fdac
  cb2b05697a2677cd1e4b68962f140eda0b50fdac  ./docs/panels/core/configsystem.html
  cb2b05697a2677cd1e4b68962f140eda0b50fdac  ./webapp/static/panels/core/configsystem.html
Hash: cda2f53083bf4780733298f5d5d20cc3010fd837
  cda2f53083bf4780733298f5d5d20cc3010fd837  ./docs/panels/orbital/satellite_tracker.html
  cda2f53083bf4780733298f5d5d20cc3010fd837  ./webapp/static/panels/orbital/satellite_tracker.html
Hash: ce6dc46140dc6b1e3ca8190e40d59795b03e2625
  ce6dc46140dc6b1e3ca8190e40d59795b03e2625  ./docs/panels/performance/turboritual.html
  ce6dc46140dc6b1e3ca8190e40d59795b03e2625  ./webapp/static/panels/performance/turboritual.html
Hash: d0896ff72143ec4e347dee07c51ef1601f8032b8
  d0896ff72143ec4e347dee07c51ef1601f8032b8  ./docs/panels/lab/experimental_mesh.html
  d0896ff72143ec4e347dee07c51ef1601f8032b8  ./webapp/static/panels/lab/experimental_mesh.html
Hash: d18e882cd97880ee2de8f6ea3a3aec2c13b087e2
  d18e882cd97880ee2de8f6ea3a3aec2c13b087e2  ./docs/panels/moduli/distresssignal_node.html
  d18e882cd97880ee2de8f6ea3a3aec2c13b087e2  ./webapp/static/panels/moduli/distresssignal_node.html
Hash: d1ac2195f11bd87aec90102242098fe3db9a7b0b
  d1ac2195f11bd87aec90102242098fe3db9a7b0b  ./docs/panels/calcolo/setinode.html
  d1ac2195f11bd87aec90102242098fe3db9a7b0b  ./webapp/static/panels/calcolo/setinode.html
Hash: d3df6803a4914bf4a16c9e90f35a8b9e45ed3a11
  d3df6803a4914bf4a16c9e90f35a8b9e45ed3a11  ./docs/panels/osservazione/anomalydetector.html
  d3df6803a4914bf4a16c9e90f35a8b9e45ed3a11  ./webapp/static/panels/osservazione/anomalydetector.html
Hash: d43afcca685a8eed7e600ab9881f626eaa76597a
  d43afcca685a8eed7e600ab9881f626eaa76597a  ./docs/panels/storage/archiveengine.html
  d43afcca685a8eed7e600ab9881f626eaa76597a  ./webapp/static/panels/storage/archiveengine.html
Hash: d4708881a97140fdda479ccea2da051fe46fa59c
  d4708881a97140fdda479ccea2da051fe46fa59c  ./docs/panels/agro/forestguard.html
  d4708881a97140fdda479ccea2da051fe46fa59c  ./webapp/static/panels/agro/forestguard.html
Hash: d49f98d4ac4bbb8055caa95be3c07630770e1531
  d49f98d4ac4bbb8055caa95be3c07630770e1531  ./docs/panels/storage/logvault.html
  d49f98d4ac4bbb8055caa95be3c07630770e1531  ./webapp/static/panels/storage/logvault.html
Hash: d650dcada3a257405a73d689bed5232378be21ca
  d650dcada3a257405a73d689bed5232378be21ca  ./docs/panels/media/webrtc_feed.html
  d650dcada3a257405a73d689bed5232378be21ca  ./webapp/static/panels/media/webrtc_feed.html
Hash: d964adfa0a315301d1a3f7e31f445681f8f2db08
  d964adfa0a315301d1a3f7e31f445681f8f2db08  ./docs/panels/orbital/orbitalwatch.html
  d964adfa0a315301d1a3f7e31f445681f8f2db08  ./webapp/static/panels/orbital/orbitalwatch.html
Hash: dcc9cbedf6801ba8b142d2913a8468425703da45
  dcc9cbedf6801ba8b142d2913a8468425703da45  ./docs/panels/chat/retrochat_terminal.html
  dcc9cbedf6801ba8b142d2913a8468425703da45  ./webapp/static/panels/chat/retrochat_terminal.html
Hash: de0fd0b510dd30ead66c474788112807685c34d3
  de0fd0b510dd30ead66c474788112807685c34d3  ./docs/panels/orbital/starlinknode.html
  de0fd0b510dd30ead66c474788112807685c34d3  ./webapp/static/panels/orbital/starlinknode.html
Hash: e0dcdf96ffef268de8d8a7c0179fb8a80faa013f
  e0dcdf96ffef268de8d8a7c0179fb8a80faa013f  ./docs/panels/cyberdefense/networkshield.html
  e0dcdf96ffef268de8d8a7c0179fb8a80faa013f  ./webapp/static/panels/cyberdefense/networkshield.html
Hash: e33376d2a8eab165e7c0c6c43da15eda980a9672
  e33376d2a8eab165e7c0c6c43da15eda980a9672  ./docs/panels/resilienza/distresssignal_rescue.html
  e33376d2a8eab165e7c0c6c43da15eda980a9672  ./webapp/static/panels/resilienza/distresssignal_rescue.html
Hash: e69b30e09042f31407f4d0f75e42efa92af8bef5
  e69b30e09042f31407f4d0f75e42efa92af8bef5  ./docs/sensors.json
  e69b30e09042f31407f4d0f75e42efa92af8bef5  ./webapp/static/sensors.json
Hash: e90c07974b098cd0c5c4e279d5f4b77e5b72541f
  e90c07974b098cd0c5c4e279d5f4b77e5b72541f  ./docs/panels/moduli/geolocator.html
  e90c07974b098cd0c5c4e279d5f4b77e5b72541f  ./webapp/static/panels/moduli/geolocator.html
Hash: e9b5d5c83dcf87845a42e1d9ef5e2b7ec808fe6b
  e9b5d5c83dcf87845a42e1d9ef5e2b7ec808fe6b  ./docs/panels/radio/signalpulse.html
  e9b5d5c83dcf87845a42e1d9ef5e2b7ec808fe6b  ./webapp/static/panels/radio/signalpulse.html
Hash: eb0324d6f9b46e90c92f41101ecc8bc43fd79ea4
  eb0324d6f9b46e90c92f41101ecc8bc43fd79ea4  ./docs/panels/moduli/emergency_pulse.html
  eb0324d6f9b46e90c92f41101ecc8bc43fd79ea4  ./webapp/static/panels/moduli/emergency_pulse.html
Hash: eca975ee2740d4df3f90be72c02e2219c254b9d7
  eca975ee2740d4df3f90be72c02e2219c254b9d7  ./docs/panels/calcolo/boincnode.html
  eca975ee2740d4df3f90be72c02e2219c254b9d7  ./webapp/static/panels/calcolo/boincnode.html
Hash: ecce4cd1b62ae8189ad4c18f7e8fe636f2524d62
  ecce4cd1b62ae8189ad4c18f7e8fe636f2524d62  ./docs/orbital_space.html
  ecce4cd1b62ae8189ad4c18f7e8fe636f2524d62  ./docs/panels/orbital_space.html
  ecce4cd1b62ae8189ad4c18f7e8fe636f2524d62  ./webapp/static/panels/orbital_space.html
Hash: efe2b95adb6a2778ce0a2d12c5da8b1c1953cf38
  efe2b95adb6a2778ce0a2d12c5da8b1c1953cf38  ./docs/panels/chat/matrixnode.html
  efe2b95adb6a2778ce0a2d12c5da8b1c1953cf38  ./webapp/static/panels/chat/matrixnode.html
Hash: f3226161057fa63970bd56d2aac3058deccb3639
  f3226161057fa63970bd56d2aac3058deccb3639  ./docs/panels/osservazione/skywatch.html
  f3226161057fa63970bd56d2aac3058deccb3639  ./webapp/static/panels/osservazione/skywatch.html
Hash: f33b3d5fb726b709b96c57c644ee8fb10290e6e4
  f33b3d5fb726b709b96c57c644ee8fb10290e6e4  ./docs/orchestrator.html
  f33b3d5fb726b709b96c57c644ee8fb10290e6e4  ./docs/panels/orchestrator.html
  f33b3d5fb726b709b96c57c644ee8fb10290e6e4  ./webapp/static/panels/orchestrator.html
Hash: f7ce21b23c5d0399f20683bb57e2cd5ff0ea6c66
  f7ce21b23c5d0399f20683bb57e2cd5ff0ea6c66  ./docs/panels/resilienza/watchdog_engine.html
  f7ce21b23c5d0399f20683bb57e2cd5ff0ea6c66  ./webapp/static/panels/resilienza/watchdog_engine.html
Hash: fa7482eaf1546989e408bc57dd79cabea9a2e061
  fa7482eaf1546989e408bc57dd79cabea9a2e061  ./docs/ai_analisi.html
  fa7482eaf1546989e408bc57dd79cabea9a2e061  ./docs/panels/ai_analisi.html
  fa7482eaf1546989e408bc57dd79cabea9a2e061  ./webapp/static/panels/ai_analisi.html
Hash: fa770be46e776ad893ea94d7a4258e9f8c3472aa
  fa770be46e776ad893ea94d7a4258e9f8c3472aa  ./docs/panels/ai/predictivenode.html
  fa770be46e776ad893ea94d7a4258e9f8c3472aa  ./webapp/static/panels/ai/predictivenode.html
Hash: fb8338db4d61940d268ff08936a9c8df77f72602
  fb8338db4d61940d268ff08936a9c8df77f72602  ./docs/panels/ai/patternengine.html
  fb8338db4d61940d268ff08936a9c8df77f72602  ./webapp/static/panels/ai/patternengine.html
Hash: fc887bd72e204b373cab7bfd605067965a94cde8
  fc887bd72e204b373cab7bfd605067965a94cde8  ./docs/panels/performance/io_booster.html
  fc887bd72e204b373cab7bfd605067965a94cde8  ./webapp/static/panels/performance/io_booster.html
Hash: fd2144e93516ab2002c7d872ac4cadd942c50d77
  fd2144e93516ab2002c7d872ac4cadd942c50d77  ./docs/panels/reti/fallback_system.html
  fd2144e93516ab2002c7d872ac4cadd942c50d77  ./webapp/static/panels/reti/fallback_system.html
Hash: ff1866e072bdd3a57e42dc70afd9e4e6d2825ed8
  ff1866e072bdd3a57e42dc70afd9e4e6d2825ed8  ./docs/panels/osservazione/nightscan.html
  ff1866e072bdd3a57e42dc70afd9e4e6d2825ed8  ./webapp/static/panels/osservazione/nightscan.html

[4] File temporanei e cache
Nessun file temporaneo trovato.

[7] Forzatura aggiunta build/ e logs/ a git
Aggiunta forzata eseguita (verifica con git status).

[8] File non tracciati (untracked)
generate_all_docs.sh
ghosttrack_sanitize.sh
ghosttrack_sanitize_enhanced.sh
setup_docs_zdos13.sh
setup_zdos13.sh

=== SANITIZE ENHANCED COMPLETATO ===
